#
# There is insufficient memory for the Java Runtime Environment to continue.
# Native memory allocation (mmap) failed to map 268435456 bytes for G1 virtual space
# Possible reasons:
#   The system is out of physical RAM or swap space
#   The process is running with CompressedOops enabled, and the Java Heap may be blocking the growth of the native heap
# Possible solutions:
#   Reduce memory load on the system
#   Increase physical memory or swap space
#   Check if swap backing store is full
#   Decrease Java heap size (-Xmx/-Xms)
#   Decrease number of Java threads
#   Decrease Java thread stack sizes (-Xss)
#   Set larger code cache with -XX:ReservedCodeCacheSize=
#   JVM is running with Zero Based Compressed Oops mode in which the Java heap is
#     placed in the first 32GB address space. The Java Heap base address is the
#     maximum limit for the native heap growth. Please use -XX:HeapBaseMinAddress
#     to set the Java Heap base and to place the Java Heap above 32GB virtual address.
# This output file may be truncated or incomplete.
#
#  Out of Memory Error (os_windows.cpp:3548), pid=15400, tid=13092
#
# JRE version:  (17.0.13+10) (build )
# Java VM: Java HotSpot(TM) 64-Bit Server VM (17.0.13+10-LTS-268, mixed mode, sharing, tiered, compressed oops, compressed class ptrs, g1 gc, windows-amd64)
# No core dump will be written. Minidumps are not enabled by default on client versions of Windows
#

---------------  S U M M A R Y ------------

Command Line: -javaagent:C:\Program Files\JetBrains\IntelliJ IDEA Community Edition 2025.2.5\lib\idea_rt.jar=55096 -Dfile.encoding=UTF-8 com.example.exam.ExamApplication

Host: Intel(R) Core(TM) i7-7700 CPU @ 3.60GHz, 8 cores, 15G,  Windows 11 , 64 bit Build 26100 (10.0.26100.7019)
Time: Tue Dec  9 10:48:46 2025  Windows 11 , 64 bit Build 26100 (10.0.26100.7019) elapsed time: 1.066819 seconds (0d 0h 0m 1s)

---------------  T H R E A D  ---------------

Current thread (0x000001d717913f90):  JavaThread "Unknown thread" [_thread_in_vm, id=13092, stack(0x000000c0ecc00000,0x000000c0ecd00000)]

Stack: [0x000000c0ecc00000,0x000000c0ecd00000]
Native frames: (J=compiled Java code, j=interpreted, Vv=VM code, C=native code)
V  [jvm.dll+0x67a23a]
V  [jvm.dll+0x7da96d]
V  [jvm.dll+0x7dc2b3]
V  [jvm.dll+0x7dc923]
V  [jvm.dll+0x2450ef]
V  [jvm.dll+0x677279]
V  [jvm.dll+0x66bf22]
V  [jvm.dll+0x302006]
V  [jvm.dll+0x3095a6]
V  [jvm.dll+0x359e9e]
V  [jvm.dll+0x35a0cf]
V  [jvm.dll+0x2d90d8]
V  [jvm.dll+0x2da044]
V  [jvm.dll+0x7ace81]
V  [jvm.dll+0x367701]
V  [jvm.dll+0x78bcc9]
V  [jvm.dll+0x3ec9bf]
V  [jvm.dll+0x3ee5f1]
C  [jli.dll+0x5297]
C  [ucrtbase.dll+0x37b0]
C  [KERNEL32.DLL+0x2e8d7]
C  [ntdll.dll+0x8c53c]


---------------  P R O C E S S  ---------------

Threads class SMR info:
_java_thread_list=0x00007ffe3f5d8a18, length=0, elements={
}

Java Threads: ( => current thread )

Other Threads:
  0x000001d71589e7f0 GCTaskThread "GC Thread#0" [stack: 0x000000c0ecd00000,0x000000c0ece00000] [id=7048]
  0x000001d71798f640 ConcurrentGCThread "G1 Main Marker" [stack: 0x000000c0ece00000,0x000000c0ecf00000] [id=2340]
  0x000001d717991800 ConcurrentGCThread "G1 Conc#0" [stack: 0x000000c0ecf00000,0x000000c0ed000000] [id=9812]

[error occurred during error reporting (printing all threads), id 0xc0000005, EXCEPTION_ACCESS_VIOLATION (0xc0000005) at pc=0x00007ffe3ee09bc7]

VM state: not at safepoint (not fully initialized)

VM Mutex/Monitor currently owned by a thread:  ([mutex/lock_event])
[0x000001d7179114a0] Heap_lock - owner thread: 0x000001d717913f90

Heap address: 0x0000000701400000, size: 4076 MB, Compressed Oops mode: Zero based, Oop shift amount: 3

CDS archive(s) mapped at: [0x0000000000000000-0x0000000000000000-0x0000000000000000), size 0, SharedBaseAddress: 0x0000000800000000, ArchiveRelocationMode: 1.
Narrow klass base: 0x0000000000000000, Narrow klass shift: 0, Narrow klass range: 0x0

GC Precious Log:
<Empty>

Heap:
 garbage-first heap   total 0K, used 0K [0x0000000701400000, 0x0000000800000000)
  region size 2048K, 0 young (0K), 0 survivors (0K)

[error occurred during error reporting (printing heap information), id 0xc0000005, EXCEPTION_ACCESS_VIOLATION (0xc0000005) at pc=0x00007ffe3f1f3a29]

GC Heap History (0 events):
No events

Deoptimization events (0 events):
No events

Classes unloaded (0 events):
No events

Classes redefined (0 events):
No events

Internal exceptions (0 events):
No events

VM Operations (0 events):
No events

Events (1 events):
Event: 0.011 Loaded shared library C:\Program Files\Java\jdk-17\bin\java.dll


Dynamic libraries:
0x00007ff7c1bf0000 - 0x00007ff7c1c00000 	C:\Program Files\Java\jdk-17\bin\java.exe
0x00007ffea2660000 - 0x00007ffea28c8000 	C:\WINDOWS\SYSTEM32\ntdll.dll
0x00007ffea0fc0000 - 0x00007ffea1089000 	C:\WINDOWS\System32\KERNEL32.DLL
0x00007ffea0000000 - 0x00007ffea03f8000 	C:\WINDOWS\System32\KERNELBASE.dll
0x00007ffe9fb20000 - 0x00007ffe9fc6b000 	C:\WINDOWS\System32\ucrtbase.dll
0x00007ffe9c740000 - 0x00007ffe9c75b000 	C:\Program Files\Java\jdk-17\bin\VCRUNTIME140.dll
0x00007ffe982f0000 - 0x00007ffe98309000 	C:\Program Files\Java\jdk-17\bin\jli.dll
0x00007ffea2210000 - 0x00007ffea22c4000 	C:\WINDOWS\System32\ADVAPI32.dll
0x00007ffea2340000 - 0x00007ffea23e9000 	C:\WINDOWS\System32\msvcrt.dll
0x00007ffea2160000 - 0x00007ffea2206000 	C:\WINDOWS\System32\sechost.dll
0x00007ffea2040000 - 0x00007ffea2158000 	C:\WINDOWS\System32\RPCRT4.dll
0x00007ffea19e0000 - 0x00007ffea1ba7000 	C:\WINDOWS\System32\USER32.dll
0x00007ffe9fa60000 - 0x00007ffe9fa87000 	C:\WINDOWS\System32\win32u.dll
0x00007ffea0f90000 - 0x00007ffea0fbb000 	C:\WINDOWS\System32\GDI32.dll
0x00007ffe927b0000 - 0x00007ffe92a44000 	C:\WINDOWS\WinSxS\amd64_microsoft.windows.common-controls_6595b64144ccf1df_6.0.26100.7019_none_3e06ffa0e335b8a8\COMCTL32.dll
0x00007ffe9f7b0000 - 0x00007ffe9f8dc000 	C:\WINDOWS\System32\gdi32full.dll
0x00007ffe9fea0000 - 0x00007ffe9ff43000 	C:\WINDOWS\System32\msvcp_win.dll
0x00007ffe97a80000 - 0x00007ffe97a8b000 	C:\WINDOWS\SYSTEM32\VERSION.dll
0x00007ffea0cc0000 - 0x00007ffea0cf1000 	C:\WINDOWS\System32\IMM32.DLL
0x00007ffe9a990000 - 0x00007ffe9a99c000 	C:\Program Files\Java\jdk-17\bin\vcruntime140_1.dll
0x00007ffe7ce70000 - 0x00007ffe7cefe000 	C:\Program Files\Java\jdk-17\bin\msvcp140.dll
0x00007ffe3eb20000 - 0x00007ffe3f701000 	C:\Program Files\Java\jdk-17\bin\server\jvm.dll
0x00007ffea0cb0000 - 0x00007ffea0cb8000 	C:\WINDOWS\System32\PSAPI.DLL
0x00007ffe9a8b0000 - 0x00007ffe9a8ba000 	C:\WINDOWS\SYSTEM32\WSOCK32.dll
0x00007ffe92de0000 - 0x00007ffe92e15000 	C:\WINDOWS\SYSTEM32\WINMM.dll
0x00007ffea1090000 - 0x00007ffea1104000 	C:\WINDOWS\System32\WS2_32.dll
0x00007ffe9e570000 - 0x00007ffe9e58b000 	C:\WINDOWS\SYSTEM32\kernel.appcore.dll
0x00007ffe98f70000 - 0x00007ffe98f7a000 	C:\Program Files\Java\jdk-17\bin\jimage.dll
0x00007ffe92e20000 - 0x00007ffe93062000 	C:\WINDOWS\SYSTEM32\DBGHELP.DLL
0x00007ffea0920000 - 0x00007ffea0cab000 	C:\WINDOWS\System32\combase.dll
0x00007ffea0400000 - 0x00007ffea04d7000 	C:\WINDOWS\System32\OLEAUT32.dll
0x00007ffe90eb0000 - 0x00007ffe90eec000 	C:\WINDOWS\SYSTEM32\dbgcore.DLL
0x00007ffe9ff50000 - 0x00007ffe9fff5000 	C:\WINDOWS\System32\bcryptPrimitives.dll
0x00007ffe93e60000 - 0x00007ffe93e6e000 	C:\Program Files\Java\jdk-17\bin\instrument.dll
0x00007ffe8b910000 - 0x00007ffe8b935000 	C:\Program Files\Java\jdk-17\bin\java.dll

dbghelp: loaded successfully - version: 4.0.5 - missing functions: none
symbol engine: initialized successfully - sym options: 0x614 - pdb path: .;C:\Program Files\Java\jdk-17\bin;C:\WINDOWS\SYSTEM32;C:\WINDOWS\WinSxS\amd64_microsoft.windows.common-controls_6595b64144ccf1df_6.0.26100.7019_none_3e06ffa0e335b8a8;C:\Program Files\Java\jdk-17\bin\server

VM Arguments:
jvm_args: -javaagent:C:\Program Files\JetBrains\IntelliJ IDEA Community Edition 2025.2.5\lib\idea_rt.jar=55096 -Dfile.encoding=UTF-8 
java_command: com.example.exam.ExamApplication
java_class_path (initial): C:\Users\seoulit1\Desktop\exam\out\production\classes;C:\Users\seoulit1\Desktop\exam\out\production\resources;C:\Users\seoulit1\.gradle\caches\modules-2\files-2.1\org.springframework.boot\spring-boot-starter-data-jpa\3.5.8\e5dca604e4de34b16ced3bd3638163126606ba7e\spring-boot-starter-data-jpa-3.5.8.jar;C:\Users\seoulit1\.gradle\caches\modules-2\files-2.1\org.springframework.boot\spring-boot-starter-mustache\3.5.8\c8cc6925fb9c9d343d6f688908e38ca5b19e48bb\spring-boot-starter-mustache-3.5.8.jar;C:\Users\seoulit1\.gradle\caches\modules-2\files-2.1\org.springframework.boot\spring-boot-starter-thymeleaf\3.5.8\aafa0e52baac37b7796325d27aac33ad502d985d\spring-boot-starter-thymeleaf-3.5.8.jar;C:\Users\seoulit1\.gradle\caches\modules-2\files-2.1\org.springframework.boot\spring-boot-starter-web\3.5.8\f4afb8ae01d775b91dbfa365012be55789d3e0de\spring-boot-starter-web-3.5.8.jar;C:\Users\seoulit1\.gradle\caches\modules-2\files-2.1\org.springframework.boot\spring-boot-starter-jdbc\3.5.8\359961894da5ef2bead3614e5cfee6a3d32af9c1\spring-boot-starter-jdbc-3.5.8.jar;C:\Users\seoulit1\.gradle\caches\modules-2\files-2.1\org.springframework.boot\spring-boot-starter\3.5.8\757ed1793f8c7d560cc837359f5816a1f495a087\spring-boot-starter-3.5.8.jar;C:\Users\seoulit1\.gradle\caches\modules-2\files-2.1\org.hibernate.orm\hibernate-core\6.6.36.Final\89b5c30fb19b67ffdc41a7cf86017c5ecb360577\hibernate-core-6.6.36.Final.jar;C:\Users\seoulit1\.gradle\caches\modules-2\files-2.1\org.springframework.data\spring-data-jpa\3.5.6\73f4c37c7666633593b32eed2a2f9a44c3197438\spring-data-jpa-3.5.6.jar;C:\Users\seoulit1\.gradle\caches\modules-2\files-2.1\org.springframework\spring-aspects\6.2.14\60587f4052ba2c462ebbf2017e891ec037bfb6b6\spring-aspects-6.2.14.jar;C:\Users\seoulit1\.gradle\caches\modules-2\files-2.1\com.samskivert\jmustache\1.16\979c7145a406b83bf28da32531f88a34c2d2919c\jmustache-1.16.jar;C:\Users\seoulit1\.gradle\caches\modules-2\files-2.1\org.thymeleaf\thymeleaf-spring6\3.1.3.RE
Launcher Type: SUN_STANDARD

[Global flags]
     intx CICompilerCount                          = 4                                         {product} {ergonomic}
     uint ConcGCThreads                            = 2                                         {product} {ergonomic}
     uint G1ConcRefinementThreads                  = 8                                         {product} {ergonomic}
   size_t G1HeapRegionSize                         = 2097152                                   {product} {ergonomic}
    uintx GCDrainStackTargetSize                   = 64                                        {product} {ergonomic}
   size_t InitialHeapSize                          = 268435456                                 {product} {ergonomic}
   size_t MarkStackSize                            = 4194304                                   {product} {ergonomic}
   size_t MaxHeapSize                              = 4273995776                                {product} {ergonomic}
   size_t MinHeapDeltaBytes                        = 2097152                                   {product} {ergonomic}
   size_t MinHeapSize                              = 8388608                                   {product} {ergonomic}
    uintx NonNMethodCodeHeapSize                   = 5839372                                {pd product} {ergonomic}
    uintx NonProfiledCodeHeapSize                  = 122909434                              {pd product} {ergonomic}
    uintx ProfiledCodeHeapSize                     = 122909434                              {pd product} {ergonomic}
    uintx ReservedCodeCacheSize                    = 251658240                              {pd product} {ergonomic}
     bool SegmentedCodeCache                       = true                                      {product} {ergonomic}
   size_t SoftMaxHeapSize                          = 4273995776                             {manageable} {ergonomic}
     bool UseCompressedClassPointers               = true                           {product lp64_product} {ergonomic}
     bool UseCompressedOops                        = true                           {product lp64_product} {ergonomic}
     bool UseG1GC                                  = true                                      {product} {ergonomic}
     bool UseLargePagesIndividualAllocation        = false                                  {pd product} {ergonomic}

Logging:
Log output configuration:
 #0: stdout all=warning uptime,level,tags
 #1: stderr all=off uptime,level,tags

Environment Variables:
JAVA_HOME=C:\Program Files\Java\jdk-17
PATH=C:\Program Files\Common Files\Oracle\Java\javapath;C:\WINDOWS\system32;C:\WINDOWS;C:\WINDOWS\System32\Wbem;C:\WINDOWS\System32\WindowsPowerShell\v1.0\;C:\WINDOWS\System32\OpenSSH\;C:\Program Files\MySQL\MySQL Shell 8.0\bin\;C:\Users\seoulit1\AppData\Local\Microsoft\WindowsApps;C:\Users\seoulit1\AppData\Local\Programs\Microsoft VS Code\bin;C:\Users\seoulit1\AppData\Local\Programs\mongosh\;C:\Program Files\MongoDB\Server\7.0\bin;C:\Program Files\MySQL\MySQL Server 8.0\bin;C:\Program Files\JetBrains\PyCharm 2025.2.1.1\bin;C:\Program Files\Java\jdk-17\bin;C:\Program Files\JetBrains\IntelliJ IDEA Community Edition 2025.2.5\bin
USERNAME=seoulit1
OS=Windows_NT
PROCESSOR_IDENTIFIER=Intel64 Family 6 Model 158 Stepping 9, GenuineIntel



---------------  S Y S T E M  ---------------

OS:
 Windows 11 , 64 bit Build 26100 (10.0.26100.7019)
OS uptime: 3 days 23:20 hours

CPU: total 8 (initial active 8) (4 cores per cpu, 2 threads per core) family 6 model 158 stepping 9 microcode 0xde, cx8, cmov, fxsr, ht, mmx, 3dnowpref, sse, sse2, sse3, ssse3, sse4.1, sse4.2, popcnt, lzcnt, tsc, tscinvbit, avx, avx2, aes, erms, clmul, bmi1, bmi2, rtm, adx, fma, vzeroupper, clflush, clflushopt

Memory: 4k page, system-wide physical 16299M (2748M free)
TotalPageFile size 65451M (AvailPageFile size 5M)
current process WorkingSet (physical memory assigned to process): 12M, peak: 12M
current process commit charge ("private bytes"): 60M, peak: 316M

vm_info: Java HotSpot(TM) 64-Bit Server VM (17.0.13+10-LTS-268) for windows-amd64 JRE (17.0.13+10-LTS-268), built on Sep 30 2024 06:33:13 by "mach5one" with MS VC++ 17.6 (VS2022)

END.
